<?xml version="1.0" encoding="UTF-8"?>
<!-- Generated by org.testng.reporters.JUnitReportReporter -->
<testsuite hostname="dell" failures="0" tests="1" name="TestScript.ST_TC_005_Test" time="33.486" errors="0" timestamp="2023-08-19T12:18:28 IST" skipped="0">
  <testcase classname="TestScript.ST_TC_005_Test" name="vERIFY_THAT_USER_ABLE_TO_SEE_REQUIRED_MODULE_IN_THE_HOME_PAGE" time="33.486"/>
  <system-out/>
</testsuite> <!-- TestScript.ST_TC_005_Test -->
