<?xml version="1.0" encoding="UTF-8"?>
<!-- Generated by org.testng.reporters.JUnitReportReporter -->
<testsuite hostname="dell" failures="0" tests="1" name="TestScript.FT_TC_001_Test" time="26.457" errors="0" timestamp="2023-08-20T17:45:02 IST" skipped="0">
  <testcase classname="TestScript.FT_TC_001_Test" name="vERIFY_THAT_USER_CLICK_ON_THE_DOWNWARD_BUTTON_AND_IT_SHOULD_DISPLAY_ALL_THE_MODULE" time="26.457"/>
  <system-out/>
</testsuite> <!-- TestScript.FT_TC_001_Test -->
