<?xml version="1.0" encoding="UTF-8"?>
<!-- Generated by org.testng.reporters.JUnitReportReporter -->
<testsuite hostname="dell" failures="0" tests="1" name="TestScript.FT_TC_002" time="31.554" errors="0" timestamp="2023-08-19T11:27:52 IST" skipped="0">
  <testcase classname="TestScript.FT_TC_002" name="vERIFY_THAT_USER_CAN_SELECT_ALLTHE_CHECK_BOX_ARE_CLIKING_OR_NOT" time="31.554"/>
  <system-out/>
</testsuite> <!-- TestScript.FT_TC_002 -->
