<?xml version="1.0" encoding="UTF-8"?>
<!-- Generated by org.testng.reporters.JUnitReportReporter -->
<testsuite hostname="dell" failures="0" tests="1" name="ConnectToDatabase.demoexcel" time="0.007" errors="0" timestamp="2023-08-17T19:26:46 IST" skipped="0">
  <testcase classname="ConnectToDatabase.demoexcel" name="s" time="0.007"/>
  <system-out/>
</testsuite> <!-- ConnectToDatabase.demoexcel -->
