<?xml version="1.0" encoding="UTF-8"?>
<!-- Generated by org.testng.reporters.JUnitReportReporter -->
<testsuite hostname="dell" failures="0" tests="1" name="TestScript.FT_TC_001" time="80.734" errors="0" timestamp="2023-08-19T11:23:31 IST" skipped="0">
  <testcase classname="TestScript.FT_TC_001" name="vERIFY_THAT_USER_CLICK_ON_THE_DOWNWARD_BUTTON_AND_IT_SHOULD_DISPLAY_ALL_THE_MODULE" time="80.734"/>
  <system-out/>
</testsuite> <!-- TestScript.FT_TC_001 -->
