<?xml version="1.0" encoding="UTF-8"?>
<!-- Generated by org.testng.reporters.JUnitReportReporter -->
<testsuite hostname="dell" failures="0" tests="3" name="TestScript.ST_TC_006" time="125.232" errors="0" timestamp="2023-08-18T21:50:39 IST" skipped="0">
  <testcase classname="TestScript.ST_TC_006" name="vERIFY_THAT_USER_CAN_ADD_MODULE_AND_CHECK" time="42.975"/>
  <system-out/>
  <testcase classname="TestScript.ST_TC_006" name="vERIFY_THAT_USER_CAN_ADD_MODULE_AND_CHECK" time="41.219"/>
  <system-out/>
  <testcase classname="TestScript.ST_TC_006" name="vERIFY_THAT_USER_CAN_ADD_MODULE_AND_CHECK" time="41.038"/>
  <system-out/>
</testsuite> <!-- TestScript.ST_TC_006 -->
